  Resources\Models\BackScreen\back.FBX
  Resources\Models\Bullet\bullet.FBX
  Resources\Models\MapData\box.FBX
  Resources\Models\MapData\floor.FBX
  Resources\Models\MapData\Grass.FBX
  Resources\Models\Tank\Body.FBX
  Resources\Models\Tank\turret.FBX
  Resources\Models\TitleScene\title.FBX
  Resources\Models\TitleScene\title2.FBX
  Resources\Models\Tower\cTower.FBX
  BackScreen.cpp
BackScreen\BackScreen.cpp(75): fatal error C1010: プリコンパイル ヘッダーを検索中に不明な EOF が見つかりました。'#include "pch.h"' をソースに追加しましたか?
  ObjectBase.cpp
Base\ObjectBase.cpp(174): fatal error C1010: プリコンパイル ヘッダーを検索中に不明な EOF が見つかりました。'#include "pch.h"' をソースに追加しましたか?
  Camera.cpp
Camera\Camera.cpp(27): fatal error C1010: プリコンパイル ヘッダーを検索中に不明な EOF が見つかりました。'#include "pch.h"' をソースに追加しましたか?
  AIState.cpp
Charcter\Enemy\AIState.cpp(2): fatal error C1010: プリコンパイル ヘッダーを検索中に不明な EOF が見つかりました。'#include "pch.h"' をソースに追加しましたか?
  AStarNode.cpp
Charcter\Enemy\AStarNode.cpp(62): fatal error C1010: プリコンパイル ヘッダーを検索中に不明な EOF が見つかりました。'#include "pch.h"' をソースに追加しましたか?
  Enemy.cpp
Charcter\Enemy\Enemy.cpp(109): fatal error C1010: プリコンパイル ヘッダーを検索中に不明な EOF が見つかりました。'#include "pch.h"' をソースに追加しましたか?
  Move.cpp
Charcter\Enemy\Move.cpp(116): fatal error C1010: プリコンパイル ヘッダーを検索中に不明な EOF が見つかりました。'#include "pch.h"' をソースに追加しましたか?
  Shoot.cpp
Charcter\Enemy\Shoot.cpp(88): fatal error C1010: プリコンパイル ヘッダーを検索中に不明な EOF が見つかりました。'#include "pch.h"' をソースに追加しましたか?
  Body.cpp
Charcter\PARTS\Body.cpp(163): fatal error C1010: プリコンパイル ヘッダーを検索中に不明な EOF が見つかりました。'#include "pch.h"' をソースに追加しましたか?
  Bullet.cpp
Charcter\PARTS\Bullet.cpp(185): fatal error C1010: プリコンパイル ヘッダーを検索中に不明な EOF が見つかりました。'#include "pch.h"' をソースに追加しましたか?
  TankFactory.cpp
Charcter\PARTS\TankFactory.cpp(32): fatal error C1010: プリコンパイル ヘッダーを検索中に不明な EOF が見つかりました。'#include "pch.h"' をソースに追加しましたか?
  Turret.cpp
Charcter\PARTS\Turret.cpp(111): fatal error C1010: プリコンパイル ヘッダーを検索中に不明な EOF が見つかりました。'#include "pch.h"' をソースに追加しましたか?
  Player.cpp
Charcter\Player\Player.cpp(147): fatal error C1010: プリコンパイル ヘッダーを検索中に不明な EOF が見つかりました。'#include "pch.h"' をソースに追加しましたか?
  Tank.cpp
Charcter\Tank.cpp(38): fatal error C1010: プリコンパイル ヘッダーを検索中に不明な EOF が見つかりました。'#include "pch.h"' をソースに追加しましたか?
  Collision.cpp
Collision\Collision.cpp(690): fatal error C1010: プリコンパイル ヘッダーを検索中に不明な EOF が見つかりました。'#include "pch.h"' をソースに追加しましたか?
  CollisionMDL.cpp
Collision\CollisionMDL.cpp(13): fatal error C1010: プリコンパイル ヘッダーを検索中に不明な EOF が見つかりました。'#include "pch.h"' をソースに追加しましたか?
  CollisionNode.cpp
Collision\CollisionNode.cpp(147): fatal error C1010: プリコンパイル ヘッダーを検索中に不明な EOF が見つかりました。'#include "pch.h"' をソースに追加しましたか?
  DebugCamera.cpp
DebugCamera.cpp(96): fatal error C1010: プリコンパイル ヘッダーを検索中に不明な EOF が見つかりました。'#include "pch.h"' をソースに追加しましたか?
  Game.cpp
Game.cpp(239): fatal error C1010: プリコンパイル ヘッダーを検索中に不明な EOF が見つかりました。'#include "pch.h"' をソースに追加しましたか?
  Graphics.cpp
Graphics.cpp(238): fatal error C1010: プリコンパイル ヘッダーを検索中に不明な EOF が見つかりました。'#include "pch.h"' をソースに追加しましたか?
  コンパイル中...
  Grid.cpp
Grid.cpp(145): fatal error C1010: プリコンパイル ヘッダーを検索中に不明な EOF が見つかりました。'#include "pch.h"' をソースに追加しましたか?
  MyGame.cpp
Header\MyGame.cpp(80): fatal error C1010: プリコンパイル ヘッダーを検索中に不明な EOF が見つかりました。'#include "pch.h"' をソースに追加しましたか?
  GameScene.cpp
Scene\GameScene\GameScene.cpp(241): fatal error C1010: プリコンパイル ヘッダーを検索中に不明な EOF が見つかりました。'#include "pch.h"' をソースに追加しましたか?
  ResultScene.cpp
Scene\ResultScene\ResultScene.cpp(57): fatal error C1010: プリコンパイル ヘッダーを検索中に不明な EOF が見つかりました。'#include "pch.h"' をソースに追加しましたか?
  Scene.cpp
Scene\Scene.cpp(12): fatal error C1010: プリコンパイル ヘッダーを検索中に不明な EOF が見つかりました。'#include "pch.h"' をソースに追加しましたか?
  SceneBase.cpp
Scene\SceneBase.cpp(15): fatal error C1010: プリコンパイル ヘッダーを検索中に不明な EOF が見つかりました。'#include "pch.h"' をソースに追加しましたか?
  SceneManager.cpp
Scene\SceneManager.cpp(110): fatal error C1010: プリコンパイル ヘッダーを検索中に不明な EOF が見つかりました。'#include "pch.h"' をソースに追加しましたか?
  SelectScene.cpp
Scene\SelectScene.cpp(39): fatal error C1010: プリコンパイル ヘッダーを検索中に不明な EOF が見つかりました。'#include "pch.h"' をソースに追加しましたか?
  TitleScene.cpp
Scene\TitleScene\TitleScene.cpp(88): fatal error C1010: プリコンパイル ヘッダーを検索中に不明な EOF が見つかりました。'#include "pch.h"' をソースに追加しましたか?
  Floor.cpp
Stage\Floor.cpp(70): fatal error C1010: プリコンパイル ヘッダーを検索中に不明な EOF が見つかりました。'#include "pch.h"' をソースに追加しましたか?
  Stage.cpp
Stage\Stage.cpp(165): fatal error C1010: プリコンパイル ヘッダーを検索中に不明な EOF が見つかりました。'#include "pch.h"' をソースに追加しましたか?
  Wall.cpp
Stage\Wall.cpp(74): fatal error C1010: プリコンパイル ヘッダーを検索中に不明な EOF が見つかりました。'#include "pch.h"' をソースに追加しましたか?
  Texture.cpp
Texture\Texture.cpp(16): fatal error C1010: プリコンパイル ヘッダーを検索中に不明な EOF が見つかりました。'#include "pch.h"' をソースに追加しましたか?
  Direct3D.cpp
Tool\Direct3D.cpp(212): fatal error C1010: プリコンパイル ヘッダーを検索中に不明な EOF が見つかりました。'#include "pch.h"' をソースに追加しましたか?
  DirectXTK.cpp
Tool\DirectXTK.cpp(82): fatal error C1010: プリコンパイル ヘッダーを検索中に不明な EOF が見つかりました。'#include "pch.h"' をソースに追加しましたか?
  Tower.cpp
Tower\Tower.cpp(80): fatal error C1010: プリコンパイル ヘッダーを検索中に不明な EOF が見つかりました。'#include "pch.h"' をソースに追加しましたか?
  TowerData.cpp
Tower\TowerData.cpp(31): fatal error C1010: プリコンパイル ヘッダーを検索中に不明な EOF が見つかりました。'#include "pch.h"' をソースに追加しましたか?
  TowerFactory.cpp
Tower\TowerFactory.cpp(1): fatal error C1010: プリコンパイル ヘッダーを検索中に不明な EOF が見つかりました。'#include "pch.h"' をソースに追加しましたか?
  Window.cpp
Window.cpp(160): fatal error C1010: プリコンパイル ヘッダーを検索中に不明な EOF が見つかりました。'#include "pch.h"' をソースに追加しましたか?
